Adding dependency `anaconda/5.2.0:python3` to your environment
Adding package `svd3d/20231214` to your environment
Adding package `git/2.29.3` to your environment
Skipping object bottle_vitamin_d_tablets.
Skipping object shoe_right_gray_s.
NAVI multiview all all: 8095 instances
Skipping object bottle_vitamin_d_tablets.
Skipping object shoe_right_gray_s.
NAVI wild all all: 2219 instances
pred stats tensor(0.0242, device='cuda:0', grad_fn=<MinBackward1>) tensor(0.6638, device='cuda:0', grad_fn=<MaxBackward1>)
target stats tensor(0., device='cuda:0') tensor(1., device='cuda:0')
pred stats tensor(0.1023, device='cuda:0', grad_fn=<MinBackward1>) tensor(0.9161, device='cuda:0', grad_fn=<MaxBackward1>)
target stats tensor(0., device='cuda:0') tensor(1., device='cuda:0')
pred stats tensor(0.0010, device='cuda:0', grad_fn=<MinBackward1>) tensor(1., device='cuda:0', grad_fn=<MaxBackward1>)
target stats tensor(0., device='cuda:0') tensor(1., device='cuda:0')
pred stats tensor(0.9914, device='cuda:0', grad_fn=<MinBackward1>) tensor(1., device='cuda:0', grad_fn=<MaxBackward1>)
target stats tensor(0., device='cuda:0') tensor(1., device='cuda:0')
pred stats tensor(0.8576, device='cuda:0', grad_fn=<MinBackward1>) tensor(1., device='cuda:0', grad_fn=<MaxBackward1>)
target stats tensor(0., device='cuda:0') tensor(1., device='cuda:0')
pred stats tensor(0.9861, device='cuda:0', grad_fn=<MinBackward1>) tensor(1., device='cuda:0', grad_fn=<MaxBackward1>)
target stats tensor(0., device='cuda:0') tensor(1., device='cuda:0')
pred stats tensor(0.9571, device='cuda:0', grad_fn=<MinBackward1>) tensor(1., device='cuda:0', grad_fn=<MaxBackward1>)
target stats tensor(0., device='cuda:0') tensor(1., device='cuda:0')
pred stats tensor(1.0000, device='cuda:0', grad_fn=<MinBackward1>) tensor(1., device='cuda:0', grad_fn=<MaxBackward1>)
target stats tensor(0., device='cuda:0') tensor(1., device='cuda:0')
pred stats tensor(1., device='cuda:0', grad_fn=<MinBackward1>) tensor(1., device='cuda:0', grad_fn=<MaxBackward1>)
target stats tensor(0., device='cuda:0') tensor(1., device='cuda:0')
pred stats tensor(1.0000, device='cuda:0', grad_fn=<MinBackward1>) tensor(1., device='cuda:0', grad_fn=<MaxBackward1>)
target stats tensor(0., device='cuda:0') tensor(1., device='cuda:0')
pred stats tensor(1.0000, device='cuda:0', grad_fn=<MinBackward1>) tensor(1., device='cuda:0', grad_fn=<MaxBackward1>)
target stats tensor(0., device='cuda:0') tensor(1., device='cuda:0')
pred stats tensor(1.0000, device='cuda:0', grad_fn=<MinBackward1>) tensor(1., device='cuda:0', grad_fn=<MaxBackward1>)
target stats tensor(0., device='cuda:0') tensor(1., device='cuda:0')
pred stats tensor(0.9999, device='cuda:0', grad_fn=<MinBackward1>) tensor(1., device='cuda:0', grad_fn=<MaxBackward1>)
target stats tensor(0., device='cuda:0') tensor(1., device='cuda:0')
pred stats tensor(1., device='cuda:0', grad_fn=<MinBackward1>) tensor(1., device='cuda:0', grad_fn=<MaxBackward1>)
target stats tensor(0., device='cuda:0') tensor(1., device='cuda:0')
pred stats tensor(1., device='cuda:0', grad_fn=<MinBackward1>) tensor(1., device='cuda:0', grad_fn=<MaxBackward1>)
target stats tensor(0., device='cuda:0') tensor(1., device='cuda:0')
pred stats tensor(1., device='cuda:0', grad_fn=<MinBackward1>) tensor(1., device='cuda:0', grad_fn=<MaxBackward1>)
target stats tensor(0., device='cuda:0') tensor(1., device='cuda:0')
pred stats tensor(0.9997, device='cuda:0', grad_fn=<MinBackward1>) tensor(1., device='cuda:0', grad_fn=<MaxBackward1>)
target stats tensor(0., device='cuda:0') tensor(1., device='cuda:0')
pred stats tensor(1.0000, device='cuda:0', grad_fn=<MinBackward1>) tensor(1., device='cuda:0', grad_fn=<MaxBackward1>)
target stats tensor(0., device='cuda:0') tensor(1., device='cuda:0')
pred stats tensor(0.9999, device='cuda:0', grad_fn=<MinBackward1>) tensor(1., device='cuda:0', grad_fn=<MaxBackward1>)
target stats tensor(0., device='cuda:0') tensor(1., device='cuda:0')
pred stats tensor(1., device='cuda:0', grad_fn=<MinBackward1>) tensor(1., device='cuda:0', grad_fn=<MaxBackward1>)
target stats tensor(0., device='cuda:0') tensor(1., device='cuda:0')
pred stats tensor(1., device='cuda:0', grad_fn=<MinBackward1>) tensor(1., device='cuda:0', grad_fn=<MaxBackward1>)
target stats tensor(0., device='cuda:0') tensor(1., device='cuda:0')
pred stats tensor(1., device='cuda:0', grad_fn=<MinBackward1>) tensor(1., device='cuda:0', grad_fn=<MaxBackward1>)
target stats tensor(0., device='cuda:0') tensor(1., device='cuda:0')
pred stats tensor(1., device='cuda:0', grad_fn=<MinBackward1>) tensor(1., device='cuda:0', grad_fn=<MaxBackward1>)
target stats tensor(0., device='cuda:0') tensor(1., device='cuda:0')
pred stats tensor(1., device='cuda:0', grad_fn=<MinBackward1>) tensor(1., device='cuda:0', grad_fn=<MaxBackward1>)
target stats tensor(0., device='cuda:0') tensor(1., device='cuda:0')
pred stats tensor(1., device='cuda:0', grad_fn=<MinBackward1>) tensor(1., device='cuda:0', grad_fn=<MaxBackward1>)
target stats tensor(0., device='cuda:0') tensor(1., device='cuda:0')
pred stats tensor(1., device='cuda:0', grad_fn=<MinBackward1>) tensor(1., device='cuda:0', grad_fn=<MaxBackward1>)
target stats tensor(0., device='cuda:0') tensor(1., device='cuda:0')
pred stats tensor(1., device='cuda:0', grad_fn=<MinBackward1>) tensor(1., device='cuda:0', grad_fn=<MaxBackward1>)
target stats tensor(0., device='cuda:0') tensor(1., device='cuda:0')
pred stats tensor(1., device='cuda:0', grad_fn=<MinBackward1>) tensor(1., device='cuda:0', grad_fn=<MaxBackward1>)
target stats tensor(0., device='cuda:0') tensor(1., device='cuda:0')
pred stats tensor(1., device='cuda:0', grad_fn=<MinBackward1>) tensor(1., device='cuda:0', grad_fn=<MaxBackward1>)
target stats tensor(0., device='cuda:0') tensor(1., device='cuda:0')
pred stats tensor(1., device='cuda:0', grad_fn=<MinBackward1>) tensor(1., device='cuda:0', grad_fn=<MaxBackward1>)
target stats tensor(0., device='cuda:0') tensor(1., device='cuda:0')
pred stats tensor(1., device='cuda:0', grad_fn=<MinBackward1>) tensor(1., device='cuda:0', grad_fn=<MaxBackward1>)
target stats tensor(0., device='cuda:0') tensor(1., device='cuda:0')
pred stats tensor(1., device='cuda:0', grad_fn=<MinBackward1>) tensor(1., device='cuda:0', grad_fn=<MaxBackward1>)
target stats tensor(0., device='cuda:0') tensor(1., device='cuda:0')
pred stats tensor(1.0000, device='cuda:0', grad_fn=<MinBackward1>) tensor(1., device='cuda:0', grad_fn=<MaxBackward1>)
target stats tensor(0., device='cuda:0') tensor(1., device='cuda:0')
pred stats tensor(1., device='cuda:0', grad_fn=<MinBackward1>) tensor(1., device='cuda:0', grad_fn=<MaxBackward1>)
target stats tensor(0., device='cuda:0') tensor(1., device='cuda:0')
pred stats tensor(1., device='cuda:0', grad_fn=<MinBackward1>) tensor(1., device='cuda:0', grad_fn=<MaxBackward1>)
target stats tensor(0., device='cuda:0') tensor(1., device='cuda:0')
pred stats tensor(1., device='cuda:0', grad_fn=<MinBackward1>) tensor(1., device='cuda:0', grad_fn=<MaxBackward1>)
target stats tensor(0., device='cuda:0') tensor(1., device='cuda:0')
pred stats tensor(1., device='cuda:0', grad_fn=<MinBackward1>) tensor(1., device='cuda:0', grad_fn=<MaxBackward1>)
target stats tensor(0., device='cuda:0') tensor(1., device='cuda:0')
pred stats tensor(1., device='cuda:0', grad_fn=<MinBackward1>) tensor(1., device='cuda:0', grad_fn=<MaxBackward1>)
target stats tensor(0., device='cuda:0') tensor(1., device='cuda:0')
pred stats tensor(1., device='cuda:0', grad_fn=<MinBackward1>) tensor(1., device='cuda:0', grad_fn=<MaxBackward1>)
target stats tensor(0., device='cuda:0') tensor(1., device='cuda:0')
pred stats tensor(1., device='cuda:0', grad_fn=<MinBackward1>) tensor(1., device='cuda:0', grad_fn=<MaxBackward1>)
target stats tensor(0., device='cuda:0') tensor(1., device='cuda:0')
pred stats tensor(1., device='cuda:0', grad_fn=<MinBackward1>) tensor(1., device='cuda:0', grad_fn=<MaxBackward1>)
target stats tensor(0., device='cuda:0') tensor(1., device='cuda:0')
pred stats tensor(1., device='cuda:0', grad_fn=<MinBackward1>) tensor(1., device='cuda:0', grad_fn=<MaxBackward1>)
target stats tensor(0., device='cuda:0') tensor(1., device='cuda:0')
pred stats tensor(1., device='cuda:0', grad_fn=<MinBackward1>) tensor(1., device='cuda:0', grad_fn=<MaxBackward1>)
target stats tensor(0., device='cuda:0') tensor(1., device='cuda:0')
pred stats tensor(1., device='cuda:0', grad_fn=<MinBackward1>) tensor(1., device='cuda:0', grad_fn=<MaxBackward1>)
target stats tensor(0., device='cuda:0') tensor(1., device='cuda:0')
pred stats tensor(1., device='cuda:0', grad_fn=<MinBackward1>) tensor(1., device='cuda:0', grad_fn=<MaxBackward1>)
target stats tensor(0., device='cuda:0') tensor(1., device='cuda:0')
pred stats tensor(1., device='cuda:0', grad_fn=<MinBackward1>) tensor(1., device='cuda:0', grad_fn=<MaxBackward1>)
target stats tensor(0., device='cuda:0') tensor(1., device='cuda:0')
pred stats tensor(0.9998, device='cuda:0', grad_fn=<MinBackward1>) tensor(1., device='cuda:0', grad_fn=<MaxBackward1>)
target stats tensor(0., device='cuda:0') tensor(1., device='cuda:0')
pred stats tensor(1., device='cuda:0', grad_fn=<MinBackward1>) tensor(1., device='cuda:0', grad_fn=<MaxBackward1>)
target stats tensor(0., device='cuda:0') tensor(1., device='cuda:0')
pred stats tensor(1., device='cuda:0', grad_fn=<MinBackward1>) tensor(1., device='cuda:0', grad_fn=<MaxBackward1>)
target stats tensor(0., device='cuda:0') tensor(1., device='cuda:0')
pred stats tensor(1., device='cuda:0', grad_fn=<MinBackward1>) tensor(1., device='cuda:0', grad_fn=<MaxBackward1>)
target stats tensor(0., device='cuda:0') tensor(1., device='cuda:0')
pred stats tensor(1., device='cuda:0', grad_fn=<MinBackward1>) tensor(1., device='cuda:0', grad_fn=<MaxBackward1>)
target stats tensor(0., device='cuda:0') tensor(1., device='cuda:0')
pred stats tensor(1., device='cuda:0', grad_fn=<MinBackward1>) tensor(1., device='cuda:0', grad_fn=<MaxBackward1>)
target stats tensor(0., device='cuda:0') tensor(1., device='cuda:0')
pred stats tensor(1., device='cuda:0', grad_fn=<MinBackward1>) tensor(1., device='cuda:0', grad_fn=<MaxBackward1>)
target stats tensor(0., device='cuda:0') tensor(1., device='cuda:0')
pred stats tensor(1., device='cuda:0', grad_fn=<MinBackward1>) tensor(1., device='cuda:0', grad_fn=<MaxBackward1>)
target stats tensor(0., device='cuda:0') tensor(1., device='cuda:0')
pred stats tensor(1., device='cuda:0', grad_fn=<MinBackward1>) tensor(1., device='cuda:0', grad_fn=<MaxBackward1>)
target stats tensor(0., device='cuda:0') tensor(1., device='cuda:0')
pred stats tensor(0.9994, device='cuda:0', grad_fn=<MinBackward1>) tensor(1., device='cuda:0', grad_fn=<MaxBackward1>)
target stats tensor(0., device='cuda:0') tensor(1., device='cuda:0')
pred stats tensor(1., device='cuda:0', grad_fn=<MinBackward1>) tensor(1., device='cuda:0', grad_fn=<MaxBackward1>)
target stats tensor(0., device='cuda:0') tensor(1., device='cuda:0')
pred stats tensor(1., device='cuda:0', grad_fn=<MinBackward1>) tensor(1., device='cuda:0', grad_fn=<MaxBackward1>)
target stats tensor(0., device='cuda:0') tensor(1., device='cuda:0')
pred stats tensor(1., device='cuda:0', grad_fn=<MinBackward1>) tensor(1., device='cuda:0', grad_fn=<MaxBackward1>)
target stats tensor(0., device='cuda:0') tensor(1., device='cuda:0')
pred stats tensor(1., device='cuda:0', grad_fn=<MinBackward1>) tensor(1., device='cuda:0', grad_fn=<MaxBackward1>)
target stats tensor(0., device='cuda:0') tensor(1., device='cuda:0')
pred stats tensor(0.9809, device='cuda:0', grad_fn=<MinBackward1>) tensor(1., device='cuda:0', grad_fn=<MaxBackward1>)
target stats tensor(0., device='cuda:0') tensor(1., device='cuda:0')
pred stats tensor(1., device='cuda:0', grad_fn=<MinBackward1>) tensor(1., device='cuda:0', grad_fn=<MaxBackward1>)
target stats tensor(0., device='cuda:0') tensor(1., device='cuda:0')
pred stats tensor(1.0000, device='cuda:0', grad_fn=<MinBackward1>) tensor(1., device='cuda:0', grad_fn=<MaxBackward1>)
target stats tensor(0., device='cuda:0') tensor(1., device='cuda:0')
pred stats tensor(1.0000, device='cuda:0', grad_fn=<MinBackward1>) tensor(1., device='cuda:0', grad_fn=<MaxBackward1>)
target stats tensor(0., device='cuda:0') tensor(1., device='cuda:0')
pred stats tensor(0.9998, device='cuda:0', grad_fn=<MinBackward1>) tensor(1., device='cuda:0', grad_fn=<MaxBackward1>)
target stats tensor(0., device='cuda:0') tensor(1., device='cuda:0')
pred stats tensor(1.0000, device='cuda:0', grad_fn=<MinBackward1>) tensor(1., device='cuda:0', grad_fn=<MaxBackward1>)
target stats tensor(0., device='cuda:0') tensor(1., device='cuda:0')
pred stats tensor(1., device='cuda:0', grad_fn=<MinBackward1>) tensor(1., device='cuda:0', grad_fn=<MaxBackward1>)
target stats tensor(0., device='cuda:0') tensor(1., device='cuda:0')
pred stats tensor(1.0000, device='cuda:0', grad_fn=<MinBackward1>) tensor(1., device='cuda:0', grad_fn=<MaxBackward1>)
target stats tensor(0., device='cuda:0') tensor(1., device='cuda:0')
pred stats tensor(1., device='cuda:0', grad_fn=<MinBackward1>) tensor(1., device='cuda:0', grad_fn=<MaxBackward1>)
target stats tensor(0., device='cuda:0') tensor(1., device='cuda:0')
pred stats tensor(1.0000, device='cuda:0', grad_fn=<MinBackward1>) tensor(1., device='cuda:0', grad_fn=<MaxBackward1>)
target stats tensor(0., device='cuda:0') tensor(1., device='cuda:0')
pred stats tensor(1., device='cuda:0', grad_fn=<MinBackward1>) tensor(1., device='cuda:0', grad_fn=<MaxBackward1>)
target stats tensor(0., device='cuda:0') tensor(1., device='cuda:0')
pred stats tensor(1., device='cuda:0', grad_fn=<MinBackward1>) tensor(1., device='cuda:0', grad_fn=<MaxBackward1>)
target stats tensor(0., device='cuda:0') tensor(1., device='cuda:0')
pred stats tensor(1., device='cuda:0', grad_fn=<MinBackward1>) tensor(1., device='cuda:0', grad_fn=<MaxBackward1>)
target stats tensor(0., device='cuda:0') tensor(1., device='cuda:0')
pred stats tensor(1., device='cuda:0', grad_fn=<MinBackward1>) tensor(1., device='cuda:0', grad_fn=<MaxBackward1>)
target stats tensor(0., device='cuda:0') tensor(1., device='cuda:0')
pred stats tensor(1., device='cuda:0', grad_fn=<MinBackward1>) tensor(1., device='cuda:0', grad_fn=<MaxBackward1>)
target stats tensor(0., device='cuda:0') tensor(1., device='cuda:0')
pred stats tensor(1., device='cuda:0', grad_fn=<MinBackward1>) tensor(1., device='cuda:0', grad_fn=<MaxBackward1>)
target stats tensor(0., device='cuda:0') tensor(1., device='cuda:0')
pred stats tensor(1., device='cuda:0', grad_fn=<MinBackward1>) tensor(1., device='cuda:0', grad_fn=<MaxBackward1>)
target stats tensor(0., device='cuda:0') tensor(1., device='cuda:0')
pred stats tensor(0.9995, device='cuda:0', grad_fn=<MinBackward1>) tensor(1., device='cuda:0', grad_fn=<MaxBackward1>)
target stats tensor(0., device='cuda:0') tensor(1., device='cuda:0')
pred stats tensor(1., device='cuda:0', grad_fn=<MinBackward1>) tensor(1., device='cuda:0', grad_fn=<MaxBackward1>)
target stats tensor(0., device='cuda:0') tensor(1., device='cuda:0')
pred stats tensor(1., device='cuda:0', grad_fn=<MinBackward1>) tensor(1., device='cuda:0', grad_fn=<MaxBackward1>)
target stats tensor(0., device='cuda:0') tensor(1., device='cuda:0')
pred stats tensor(1., device='cuda:0', grad_fn=<MinBackward1>) tensor(1., device='cuda:0', grad_fn=<MaxBackward1>)
target stats tensor(0., device='cuda:0') tensor(1., device='cuda:0')
pred stats tensor(1., device='cuda:0', grad_fn=<MinBackward1>) tensor(1., device='cuda:0', grad_fn=<MaxBackward1>)
target stats tensor(0., device='cuda:0') tensor(1., device='cuda:0')
pred stats tensor(1., device='cuda:0', grad_fn=<MinBackward1>) tensor(1., device='cuda:0', grad_fn=<MaxBackward1>)
target stats tensor(0., device='cuda:0') tensor(1., device='cuda:0')
pred stats tensor(1., device='cuda:0', grad_fn=<MinBackward1>) tensor(1., device='cuda:0', grad_fn=<MaxBackward1>)
target stats tensor(0., device='cuda:0') tensor(1., device='cuda:0')
pred stats tensor(0.9998, device='cuda:0', grad_fn=<MinBackward1>) tensor(1., device='cuda:0', grad_fn=<MaxBackward1>)
target stats tensor(0., device='cuda:0') tensor(1., device='cuda:0')
pred stats tensor(0.9999, device='cuda:0', grad_fn=<MinBackward1>) tensor(1., device='cuda:0', grad_fn=<MaxBackward1>)
target stats tensor(0., device='cuda:0') tensor(1., device='cuda:0')
pred stats tensor(1., device='cuda:0', grad_fn=<MinBackward1>) tensor(1., device='cuda:0', grad_fn=<MaxBackward1>)
target stats tensor(0., device='cuda:0') tensor(1., device='cuda:0')
pred stats tensor(1., device='cuda:0', grad_fn=<MinBackward1>) tensor(1., device='cuda:0', grad_fn=<MaxBackward1>)
target stats tensor(0., device='cuda:0') tensor(1., device='cuda:0')
pred stats tensor(1., device='cuda:0', grad_fn=<MinBackward1>) tensor(1., device='cuda:0', grad_fn=<MaxBackward1>)
target stats tensor(0., device='cuda:0') tensor(1., device='cuda:0')
pred stats tensor(1.0000, device='cuda:0', grad_fn=<MinBackward1>) tensor(1., device='cuda:0', grad_fn=<MaxBackward1>)
target stats tensor(0., device='cuda:0') tensor(1., device='cuda:0')
pred stats tensor(1.0000, device='cuda:0', grad_fn=<MinBackward1>) tensor(1., device='cuda:0', grad_fn=<MaxBackward1>)
target stats tensor(0., device='cuda:0') tensor(1., device='cuda:0')
pred stats tensor(1., device='cuda:0', grad_fn=<MinBackward1>) tensor(1., device='cuda:0', grad_fn=<MaxBackward1>)
target stats tensor(0., device='cuda:0') tensor(1., device='cuda:0')
pred stats tensor(1., device='cuda:0', grad_fn=<MinBackward1>) tensor(1., device='cuda:0', grad_fn=<MaxBackward1>)
target stats tensor(0., device='cuda:0') tensor(1., device='cuda:0')
pred stats tensor(1.0000, device='cuda:0', grad_fn=<MinBackward1>) tensor(1., device='cuda:0', grad_fn=<MaxBackward1>)
target stats tensor(0., device='cuda:0') tensor(1., device='cuda:0')
pred stats tensor(1., device='cuda:0', grad_fn=<MinBackward1>) tensor(1., device='cuda:0', grad_fn=<MaxBackward1>)
target stats tensor(0., device='cuda:0') tensor(1., device='cuda:0')
pred stats tensor(1., device='cuda:0', grad_fn=<MinBackward1>) tensor(1., device='cuda:0', grad_fn=<MaxBackward1>)
target stats tensor(0., device='cuda:0') tensor(1., device='cuda:0')
pred stats tensor(1., device='cuda:0', grad_fn=<MinBackward1>) tensor(1., device='cuda:0', grad_fn=<MaxBackward1>)
target stats tensor(0., device='cuda:0') tensor(1., device='cuda:0')
pred stats tensor(1., device='cuda:0', grad_fn=<MinBackward1>) tensor(1., device='cuda:0', grad_fn=<MaxBackward1>)
target stats tensor(0., device='cuda:0') tensor(1., device='cuda:0')
pred stats tensor(1.0000, device='cuda:0', grad_fn=<MinBackward1>) tensor(1., device='cuda:0', grad_fn=<MaxBackward1>)
target stats tensor(0., device='cuda:0') tensor(1., device='cuda:0')
pred stats tensor(1., device='cuda:0', grad_fn=<MinBackward1>) tensor(1., device='cuda:0', grad_fn=<MaxBackward1>)
target stats tensor(0., device='cuda:0') tensor(1., device='cuda:0')
pred stats tensor(1.0000, device='cuda:0', grad_fn=<MinBackward1>) tensor(1., device='cuda:0', grad_fn=<MaxBackward1>)
target stats tensor(0., device='cuda:0') tensor(1., device='cuda:0')
pred stats tensor(0.9993, device='cuda:0', grad_fn=<MinBackward1>) tensor(1., device='cuda:0', grad_fn=<MaxBackward1>)
target stats tensor(0., device='cuda:0') tensor(1., device='cuda:0')
pred stats tensor(1., device='cuda:0', grad_fn=<MinBackward1>) tensor(1., device='cuda:0', grad_fn=<MaxBackward1>)
target stats tensor(0., device='cuda:0') tensor(1., device='cuda:0')
pred stats tensor(1., device='cuda:0', grad_fn=<MinBackward1>) tensor(1., device='cuda:0', grad_fn=<MaxBackward1>)
target stats tensor(0., device='cuda:0') tensor(1., device='cuda:0')
pred stats tensor(1., device='cuda:0', grad_fn=<MinBackward1>) tensor(1., device='cuda:0', grad_fn=<MaxBackward1>)
target stats tensor(0., device='cuda:0') tensor(1., device='cuda:0')
pred stats tensor(1., device='cuda:0', grad_fn=<MinBackward1>) tensor(1., device='cuda:0', grad_fn=<MaxBackward1>)
target stats tensor(0., device='cuda:0') tensor(1., device='cuda:0')
pred stats tensor(1.0000, device='cuda:0', grad_fn=<MinBackward1>) tensor(1., device='cuda:0', grad_fn=<MaxBackward1>)
target stats tensor(0., device='cuda:0') tensor(1., device='cuda:0')
pred stats tensor(1.0000, device='cuda:0', grad_fn=<MinBackward1>) tensor(1., device='cuda:0', grad_fn=<MaxBackward1>)
target stats tensor(0., device='cuda:0') tensor(1., device='cuda:0')
pred stats tensor(1., device='cuda:0', grad_fn=<MinBackward1>) tensor(1., device='cuda:0', grad_fn=<MaxBackward1>)
target stats tensor(0., device='cuda:0') tensor(1., device='cuda:0')
pred stats tensor(1., device='cuda:0', grad_fn=<MinBackward1>) tensor(1., device='cuda:0', grad_fn=<MaxBackward1>)
target stats tensor(0., device='cuda:0') tensor(1., device='cuda:0')
pred stats tensor(1., device='cuda:0', grad_fn=<MinBackward1>) tensor(1., device='cuda:0', grad_fn=<MaxBackward1>)
target stats tensor(0., device='cuda:0') tensor(1., device='cuda:0')
pred stats tensor(1., device='cuda:0', grad_fn=<MinBackward1>) tensor(1., device='cuda:0', grad_fn=<MaxBackward1>)
target stats tensor(0., device='cuda:0') tensor(1., device='cuda:0')
pred stats tensor(1., device='cuda:0', grad_fn=<MinBackward1>) tensor(1., device='cuda:0', grad_fn=<MaxBackward1>)
target stats tensor(0., device='cuda:0') tensor(1., device='cuda:0')
pred stats tensor(1., device='cuda:0', grad_fn=<MinBackward1>) tensor(1., device='cuda:0', grad_fn=<MaxBackward1>)
target stats tensor(0., device='cuda:0') tensor(1., device='cuda:0')
pred stats tensor(1., device='cuda:0', grad_fn=<MinBackward1>) tensor(1., device='cuda:0', grad_fn=<MaxBackward1>)
target stats tensor(0., device='cuda:0') tensor(1., device='cuda:0')
pred stats tensor(1., device='cuda:0', grad_fn=<MinBackward1>) tensor(1., device='cuda:0', grad_fn=<MaxBackward1>)
target stats tensor(0., device='cuda:0') tensor(1., device='cuda:0')
pred stats tensor(1., device='cuda:0', grad_fn=<MinBackward1>) tensor(1., device='cuda:0', grad_fn=<MaxBackward1>)
target stats tensor(0., device='cuda:0') tensor(1., device='cuda:0')
pred stats tensor(1., device='cuda:0', grad_fn=<MinBackward1>) tensor(1., device='cuda:0', grad_fn=<MaxBackward1>)
target stats tensor(0., device='cuda:0') tensor(1., device='cuda:0')
pred stats tensor(1., device='cuda:0', grad_fn=<MinBackward1>) tensor(1., device='cuda:0', grad_fn=<MaxBackward1>)
target stats tensor(0., device='cuda:0') tensor(1., device='cuda:0')
pred stats tensor(1.0000, device='cuda:0', grad_fn=<MinBackward1>) tensor(1., device='cuda:0', grad_fn=<MaxBackward1>)
target stats tensor(0., device='cuda:0') tensor(1., device='cuda:0')
pred stats tensor(1., device='cuda:0', grad_fn=<MinBackward1>) tensor(1., device='cuda:0', grad_fn=<MaxBackward1>)
target stats tensor(0., device='cuda:0') tensor(1., device='cuda:0')
pred stats tensor(1., device='cuda:0', grad_fn=<MinBackward1>) tensor(1., device='cuda:0', grad_fn=<MaxBackward1>)
target stats tensor(0., device='cuda:0') tensor(1., device='cuda:0')
pred stats tensor(0.9975, device='cuda:0', grad_fn=<MinBackward1>) tensor(1., device='cuda:0', grad_fn=<MaxBackward1>)
target stats tensor(0., device='cuda:0') tensor(1., device='cuda:0')
pred stats tensor(1., device='cuda:0', grad_fn=<MinBackward1>) tensor(1., device='cuda:0', grad_fn=<MaxBackward1>)
target stats tensor(0., device='cuda:0') tensor(1., device='cuda:0')
pred stats tensor(1., device='cuda:0', grad_fn=<MinBackward1>) tensor(1., device='cuda:0', grad_fn=<MaxBackward1>)
target stats tensor(0., device='cuda:0') tensor(1., device='cuda:0')
pred stats tensor(1., device='cuda:0', grad_fn=<MinBackward1>) tensor(1., device='cuda:0', grad_fn=<MaxBackward1>)
target stats tensor(0., device='cuda:0') tensor(1., device='cuda:0')
pred stats tensor(1., device='cuda:0', grad_fn=<MinBackward1>) tensor(1., device='cuda:0', grad_fn=<MaxBackward1>)
target stats tensor(0., device='cuda:0') tensor(1., device='cuda:0')
pred stats tensor(1., device='cuda:0', grad_fn=<MinBackward1>) tensor(1., device='cuda:0', grad_fn=<MaxBackward1>)
target stats tensor(0., device='cuda:0') tensor(1., device='cuda:0')
pred stats tensor(1., device='cuda:0', grad_fn=<MinBackward1>) tensor(1., device='cuda:0', grad_fn=<MaxBackward1>)
target stats tensor(0., device='cuda:0') tensor(1., device='cuda:0')
pred stats tensor(1., device='cuda:0', grad_fn=<MinBackward1>) tensor(1., device='cuda:0', grad_fn=<MaxBackward1>)
target stats tensor(0., device='cuda:0') tensor(1., device='cuda:0')
pred stats tensor(1.0000, device='cuda:0', grad_fn=<MinBackward1>) tensor(1., device='cuda:0', grad_fn=<MaxBackward1>)
target stats tensor(0., device='cuda:0') tensor(1., device='cuda:0')
pred stats tensor(0.9985, device='cuda:0', grad_fn=<MinBackward1>) tensor(1., device='cuda:0', grad_fn=<MaxBackward1>)
target stats tensor(0., device='cuda:0') tensor(1., device='cuda:0')
pred stats tensor(1., device='cuda:0', grad_fn=<MinBackward1>) tensor(1., device='cuda:0', grad_fn=<MaxBackward1>)
target stats tensor(0., device='cuda:0') tensor(1., device='cuda:0')
pred stats tensor(1., device='cuda:0', grad_fn=<MinBackward1>) tensor(1., device='cuda:0', grad_fn=<MaxBackward1>)
target stats tensor(0., device='cuda:0') tensor(1., device='cuda:0')
pred stats tensor(1., device='cuda:0', grad_fn=<MinBackward1>) tensor(1., device='cuda:0', grad_fn=<MaxBackward1>)
target stats tensor(0., device='cuda:0') tensor(1., device='cuda:0')
pred stats tensor(1., device='cuda:0', grad_fn=<MinBackward1>) tensor(1., device='cuda:0', grad_fn=<MaxBackward1>)
target stats tensor(0., device='cuda:0') tensor(1., device='cuda:0')
pred stats tensor(1., device='cuda:0', grad_fn=<MinBackward1>) tensor(1., device='cuda:0', grad_fn=<MaxBackward1>)
target stats tensor(0., device='cuda:0') tensor(1., device='cuda:0')
pred stats tensor(1., device='cuda:0', grad_fn=<MinBackward1>) tensor(1., device='cuda:0', grad_fn=<MaxBackward1>)
target stats tensor(0., device='cuda:0') tensor(1., device='cuda:0')
pred stats tensor(1., device='cuda:0', grad_fn=<MinBackward1>) tensor(1., device='cuda:0', grad_fn=<MaxBackward1>)
target stats tensor(0., device='cuda:0') tensor(1., device='cuda:0')
pred stats tensor(1., device='cuda:0', grad_fn=<MinBackward1>) tensor(1., device='cuda:0', grad_fn=<MaxBackward1>)
target stats tensor(0., device='cuda:0') tensor(1., device='cuda:0')
pred stats tensor(1., device='cuda:0', grad_fn=<MinBackward1>) tensor(1., device='cuda:0', grad_fn=<MaxBackward1>)
target stats tensor(0., device='cuda:0') tensor(1., device='cuda:0')
pred stats tensor(1., device='cuda:0', grad_fn=<MinBackward1>) tensor(1., device='cuda:0', grad_fn=<MaxBackward1>)
target stats tensor(0., device='cuda:0') tensor(1., device='cuda:0')
pred stats tensor(1., device='cuda:0', grad_fn=<MinBackward1>) tensor(1., device='cuda:0', grad_fn=<MaxBackward1>)
target stats tensor(0., device='cuda:0') tensor(1., device='cuda:0')
pred stats tensor(1., device='cuda:0', grad_fn=<MinBackward1>) tensor(1., device='cuda:0', grad_fn=<MaxBackward1>)
target stats tensor(0., device='cuda:0') tensor(1., device='cuda:0')
pred stats tensor(1., device='cuda:0', grad_fn=<MinBackward1>) tensor(1., device='cuda:0', grad_fn=<MaxBackward1>)
target stats tensor(0., device='cuda:0') tensor(1., device='cuda:0')
pred stats tensor(1., device='cuda:0', grad_fn=<MinBackward1>) tensor(1., device='cuda:0', grad_fn=<MaxBackward1>)
target stats tensor(0., device='cuda:0') tensor(1., device='cuda:0')
pred stats tensor(1., device='cuda:0', grad_fn=<MinBackward1>) tensor(1., device='cuda:0', grad_fn=<MaxBackward1>)
target stats tensor(0., device='cuda:0') tensor(1., device='cuda:0')
pred stats tensor(1., device='cuda:0', grad_fn=<MinBackward1>) tensor(1., device='cuda:0', grad_fn=<MaxBackward1>)
target stats tensor(0., device='cuda:0') tensor(1., device='cuda:0')
pred stats tensor(1., device='cuda:0', grad_fn=<MinBackward1>) tensor(1., device='cuda:0', grad_fn=<MaxBackward1>)
target stats tensor(0., device='cuda:0') tensor(1., device='cuda:0')
pred stats tensor(1., device='cuda:0', grad_fn=<MinBackward1>) tensor(1., device='cuda:0', grad_fn=<MaxBackward1>)
target stats tensor(0., device='cuda:0') tensor(1., device='cuda:0')
pred stats tensor(0.3052, device='cuda:0', grad_fn=<MinBackward1>) tensor(1., device='cuda:0', grad_fn=<MaxBackward1>)
target stats tensor(0., device='cuda:0') tensor(1., device='cuda:0')
pred stats tensor(1., device='cuda:0', grad_fn=<MinBackward1>) tensor(1., device='cuda:0', grad_fn=<MaxBackward1>)
target stats tensor(0., device='cuda:0') tensor(1., device='cuda:0')
pred stats tensor(1., device='cuda:0', grad_fn=<MinBackward1>) tensor(1., device='cuda:0', grad_fn=<MaxBackward1>)
target stats tensor(0., device='cuda:0') tensor(1., device='cuda:0')
pred stats tensor(1., device='cuda:0', grad_fn=<MinBackward1>) tensor(1., device='cuda:0', grad_fn=<MaxBackward1>)
target stats tensor(0., device='cuda:0') tensor(1., device='cuda:0')
pred stats tensor(1., device='cuda:0', grad_fn=<MinBackward1>) tensor(1., device='cuda:0', grad_fn=<MaxBackward1>)
target stats tensor(0., device='cuda:0') tensor(1., device='cuda:0')
pred stats tensor(1., device='cuda:0', grad_fn=<MinBackward1>) tensor(1., device='cuda:0', grad_fn=<MaxBackward1>)
target stats tensor(0., device='cuda:0') tensor(1., device='cuda:0')
pred stats tensor(1., device='cuda:0', grad_fn=<MinBackward1>) tensor(1., device='cuda:0', grad_fn=<MaxBackward1>)
target stats tensor(0., device='cuda:0') tensor(1., device='cuda:0')
pred stats tensor(1.0000, device='cuda:0', grad_fn=<MinBackward1>) tensor(1., device='cuda:0', grad_fn=<MaxBackward1>)
target stats tensor(0., device='cuda:0') tensor(1., device='cuda:0')
pred stats tensor(1., device='cuda:0', grad_fn=<MinBackward1>) tensor(1., device='cuda:0', grad_fn=<MaxBackward1>)
target stats tensor(0., device='cuda:0') tensor(1., device='cuda:0')
pred stats tensor(0.9998, device='cuda:0', grad_fn=<MinBackward1>) tensor(1., device='cuda:0', grad_fn=<MaxBackward1>)
target stats tensor(0., device='cuda:0') tensor(1., device='cuda:0')
pred stats tensor(1.0000, device='cuda:0', grad_fn=<MinBackward1>) tensor(1., device='cuda:0', grad_fn=<MaxBackward1>)
target stats tensor(0., device='cuda:0') tensor(1., device='cuda:0')
pred stats tensor(1., device='cuda:0', grad_fn=<MinBackward1>) tensor(1., device='cuda:0', grad_fn=<MaxBackward1>)
target stats tensor(0., device='cuda:0') tensor(1., device='cuda:0')
pred stats tensor(1., device='cuda:0', grad_fn=<MinBackward1>) tensor(1., device='cuda:0', grad_fn=<MaxBackward1>)
target stats tensor(0., device='cuda:0') tensor(1., device='cuda:0')
pred stats tensor(1., device='cuda:0', grad_fn=<MinBackward1>) tensor(1., device='cuda:0', grad_fn=<MaxBackward1>)
target stats tensor(0., device='cuda:0') tensor(1., device='cuda:0')
pred stats tensor(1., device='cuda:0', grad_fn=<MinBackward1>) tensor(1., device='cuda:0', grad_fn=<MaxBackward1>)
target stats tensor(0., device='cuda:0') tensor(1., device='cuda:0')
pred stats tensor(1., device='cuda:0', grad_fn=<MinBackward1>) tensor(1., device='cuda:0', grad_fn=<MaxBackward1>)
target stats tensor(0., device='cuda:0') tensor(1., device='cuda:0')
pred stats tensor(1., device='cuda:0', grad_fn=<MinBackward1>) tensor(1., device='cuda:0', grad_fn=<MaxBackward1>)
target stats tensor(0., device='cuda:0') tensor(1., device='cuda:0')
pred stats tensor(1., device='cuda:0', grad_fn=<MinBackward1>) tensor(1., device='cuda:0', grad_fn=<MaxBackward1>)
target stats tensor(0., device='cuda:0') tensor(1., device='cuda:0')
pred stats tensor(1., device='cuda:0', grad_fn=<MinBackward1>) tensor(1., device='cuda:0', grad_fn=<MaxBackward1>)
target stats tensor(0., device='cuda:0') tensor(1., device='cuda:0')
pred stats tensor(1., device='cuda:0', grad_fn=<MinBackward1>) tensor(1., device='cuda:0', grad_fn=<MaxBackward1>)
target stats tensor(0., device='cuda:0') tensor(1., device='cuda:0')
pred stats tensor(1., device='cuda:0', grad_fn=<MinBackward1>) tensor(1., device='cuda:0', grad_fn=<MaxBackward1>)
target stats tensor(0., device='cuda:0') tensor(1., device='cuda:0')
pred stats tensor(0.8409, device='cuda:0', grad_fn=<MinBackward1>) tensor(1., device='cuda:0', grad_fn=<MaxBackward1>)
target stats tensor(0., device='cuda:0') tensor(1., device='cuda:0')
pred stats tensor(0.0010, device='cuda:0', grad_fn=<MinBackward1>) tensor(1., device='cuda:0', grad_fn=<MaxBackward1>)
target stats tensor(0., device='cuda:0') tensor(1., device='cuda:0')
pred stats tensor(0.0010, device='cuda:0', grad_fn=<MinBackward1>) tensor(1., device='cuda:0', grad_fn=<MaxBackward1>)
target stats tensor(0., device='cuda:0') tensor(1., device='cuda:0')
pred stats tensor(0.9996, device='cuda:0', grad_fn=<MinBackward1>) tensor(1., device='cuda:0', grad_fn=<MaxBackward1>)
target stats tensor(0., device='cuda:0') tensor(1., device='cuda:0')
pred stats tensor(1.0000, device='cuda:0', grad_fn=<MinBackward1>) tensor(1., device='cuda:0', grad_fn=<MaxBackward1>)
target stats tensor(0., device='cuda:0') tensor(1., device='cuda:0')
pred stats tensor(0.9831, device='cuda:0', grad_fn=<MinBackward1>) tensor(1., device='cuda:0', grad_fn=<MaxBackward1>)
target stats tensor(0., device='cuda:0') tensor(1., device='cuda:0')
pred stats tensor(1.0000, device='cuda:0', grad_fn=<MinBackward1>) tensor(1., device='cuda:0', grad_fn=<MaxBackward1>)
target stats tensor(0., device='cuda:0') tensor(1., device='cuda:0')
pred stats tensor(0.0010, device='cuda:0', grad_fn=<MinBackward1>) tensor(1., device='cuda:0', grad_fn=<MaxBackward1>)
target stats tensor(0., device='cuda:0') tensor(1., device='cuda:0')
pred stats tensor(0.0010, device='cuda:0', grad_fn=<MinBackward1>) tensor(1., device='cuda:0', grad_fn=<MaxBackward1>)
target stats tensor(0., device='cuda:0') tensor(1., device='cuda:0')
pred stats tensor(0.0010, device='cuda:0', grad_fn=<MinBackward1>) tensor(1., device='cuda:0', grad_fn=<MaxBackward1>)
target stats tensor(0., device='cuda:0') tensor(1., device='cuda:0')
pred stats tensor(0.0010, device='cuda:0', grad_fn=<MinBackward1>) tensor(1., device='cuda:0', grad_fn=<MaxBackward1>)
target stats tensor(0., device='cuda:0') tensor(1., device='cuda:0')
pred stats tensor(0.0010, device='cuda:0', grad_fn=<MinBackward1>) tensor(1., device='cuda:0', grad_fn=<MaxBackward1>)
target stats tensor(0., device='cuda:0') tensor(1., device='cuda:0')
pred stats tensor(0.0010, device='cuda:0', grad_fn=<MinBackward1>) tensor(1., device='cuda:0', grad_fn=<MaxBackward1>)
target stats tensor(0., device='cuda:0') tensor(1., device='cuda:0')
pred stats tensor(0.0010, device='cuda:0', grad_fn=<MinBackward1>) tensor(1.8603, device='cuda:0', grad_fn=<MaxBackward1>)
target stats tensor(0., device='cuda:0') tensor(1., device='cuda:0')
pred stats tensor(0.0010, device='cuda:0', grad_fn=<MinBackward1>) tensor(1.4154, device='cuda:0', grad_fn=<MaxBackward1>)
target stats tensor(0., device='cuda:0') tensor(1., device='cuda:0')
pred stats tensor(0.0010, device='cuda:0', grad_fn=<MinBackward1>) tensor(0.8183, device='cuda:0', grad_fn=<MaxBackward1>)
target stats tensor(0., device='cuda:0') tensor(1., device='cuda:0')
pred stats tensor(0.0010, device='cuda:0', grad_fn=<MinBackward1>) tensor(0.8212, device='cuda:0', grad_fn=<MaxBackward1>)
target stats tensor(0., device='cuda:0') tensor(1., device='cuda:0')
pred stats tensor(0.0010, device='cuda:0', grad_fn=<MinBackward1>) tensor(1.0064, device='cuda:0', grad_fn=<MaxBackward1>)
target stats tensor(0., device='cuda:0') tensor(1., device='cuda:0')
pred stats tensor(0.0010, device='cuda:0', grad_fn=<MinBackward1>) tensor(9.6053, device='cuda:0', grad_fn=<MaxBackward1>)
target stats tensor(0., device='cuda:0') tensor(1., device='cuda:0')
pred stats tensor(0.0010, device='cuda:0', grad_fn=<MinBackward1>) tensor(10., device='cuda:0', grad_fn=<MaxBackward1>)
target stats tensor(0., device='cuda:0') tensor(1., device='cuda:0')
pred stats tensor(0.0010, device='cuda:0', grad_fn=<MinBackward1>) tensor(1., device='cuda:0', grad_fn=<MaxBackward1>)
target stats tensor(0., device='cuda:0') tensor(1., device='cuda:0')
pred stats tensor(0.0010, device='cuda:0', grad_fn=<MinBackward1>) tensor(1., device='cuda:0', grad_fn=<MaxBackward1>)
target stats tensor(0., device='cuda:0') tensor(1., device='cuda:0')
pred stats tensor(0.0010, device='cuda:0', grad_fn=<MinBackward1>) tensor(1., device='cuda:0', grad_fn=<MaxBackward1>)
target stats tensor(0., device='cuda:0') tensor(1., device='cuda:0')
pred stats tensor(0.0010, device='cuda:0', grad_fn=<MinBackward1>) tensor(1., device='cuda:0', grad_fn=<MaxBackward1>)
target stats tensor(0., device='cuda:0') tensor(1., device='cuda:0')
pred stats tensor(0.0010, device='cuda:0', grad_fn=<MinBackward1>) tensor(1., device='cuda:0', grad_fn=<MaxBackward1>)
target stats tensor(0., device='cuda:0') tensor(1., device='cuda:0')
pred stats tensor(0.0010, device='cuda:0', grad_fn=<MinBackward1>) tensor(1., device='cuda:0', grad_fn=<MaxBackward1>)
target stats tensor(0., device='cuda:0') tensor(1., device='cuda:0')
pred stats tensor(0.0010, device='cuda:0', grad_fn=<MinBackward1>) tensor(1., device='cuda:0', grad_fn=<MaxBackward1>)
target stats tensor(0., device='cuda:0') tensor(1., device='cuda:0')
pred stats tensor(0.0010, device='cuda:0', grad_fn=<MinBackward1>) tensor(1., device='cuda:0', grad_fn=<MaxBackward1>)
target stats tensor(0., device='cuda:0') tensor(1., device='cuda:0')
pred stats tensor(0.0010, device='cuda:0', grad_fn=<MinBackward1>) tensor(1., device='cuda:0', grad_fn=<MaxBackward1>)
target stats tensor(0., device='cuda:0') tensor(1., device='cuda:0')
pred stats tensor(0.0010, device='cuda:0', grad_fn=<MinBackward1>) tensor(1., device='cuda:0', grad_fn=<MaxBackward1>)
target stats tensor(0., device='cuda:0') tensor(1., device='cuda:0')
pred stats tensor(0.0010, device='cuda:0', grad_fn=<MinBackward1>) tensor(3.6374, device='cuda:0', grad_fn=<MaxBackward1>)
target stats tensor(0., device='cuda:0') tensor(1., device='cuda:0')
pred stats tensor(0.0010, device='cuda:0', grad_fn=<MinBackward1>) tensor(2.7950, device='cuda:0', grad_fn=<MaxBackward1>)
target stats tensor(0., device='cuda:0') tensor(1., device='cuda:0')
pred stats tensor(0.0010, device='cuda:0', grad_fn=<MinBackward1>) tensor(1., device='cuda:0', grad_fn=<MaxBackward1>)
target stats tensor(0., device='cuda:0') tensor(1., device='cuda:0')
pred stats tensor(0.0010, device='cuda:0', grad_fn=<MinBackward1>) tensor(1., device='cuda:0', grad_fn=<MaxBackward1>)
target stats tensor(0., device='cuda:0') tensor(1., device='cuda:0')
pred stats tensor(0.0010, device='cuda:0', grad_fn=<MinBackward1>) tensor(1., device='cuda:0', grad_fn=<MaxBackward1>)
target stats tensor(0., device='cuda:0') tensor(1., device='cuda:0')
pred stats tensor(0.0010, device='cuda:0', grad_fn=<MinBackward1>) tensor(1., device='cuda:0', grad_fn=<MaxBackward1>)
target stats tensor(0., device='cuda:0') tensor(1., device='cuda:0')
pred stats tensor(0.0010, device='cuda:0', grad_fn=<MinBackward1>) tensor(1., device='cuda:0', grad_fn=<MaxBackward1>)
target stats tensor(0., device='cuda:0') tensor(1., device='cuda:0')
pred stats tensor(0.0010, device='cuda:0', grad_fn=<MinBackward1>) tensor(1., device='cuda:0', grad_fn=<MaxBackward1>)
target stats tensor(0., device='cuda:0') tensor(1., device='cuda:0')
pred stats tensor(0.0010, device='cuda:0', grad_fn=<MinBackward1>) tensor(4.9535, device='cuda:0', grad_fn=<MaxBackward1>)
target stats tensor(0., device='cuda:0') tensor(1., device='cuda:0')
pred stats tensor(0.0010, device='cuda:0', grad_fn=<MinBackward1>) tensor(2.6448, device='cuda:0', grad_fn=<MaxBackward1>)
target stats tensor(0., device='cuda:0') tensor(1., device='cuda:0')
pred stats tensor(0.0010, device='cuda:0', grad_fn=<MinBackward1>) tensor(4.1344, device='cuda:0', grad_fn=<MaxBackward1>)
target stats tensor(0., device='cuda:0') tensor(1., device='cuda:0')
pred stats tensor(0.0010, device='cuda:0', grad_fn=<MinBackward1>) tensor(5.7917, device='cuda:0', grad_fn=<MaxBackward1>)
target stats tensor(0., device='cuda:0') tensor(1., device='cuda:0')
pred stats tensor(0.0010, device='cuda:0', grad_fn=<MinBackward1>) tensor(10., device='cuda:0', grad_fn=<MaxBackward1>)
target stats tensor(0., device='cuda:0') tensor(1., device='cuda:0')
pred stats tensor(0.0010, device='cuda:0', grad_fn=<MinBackward1>) tensor(5.4359, device='cuda:0', grad_fn=<MaxBackward1>)
target stats tensor(0., device='cuda:0') tensor(1., device='cuda:0')
pred stats tensor(0.0010, device='cuda:0', grad_fn=<MinBackward1>) tensor(2.7650, device='cuda:0', grad_fn=<MaxBackward1>)
target stats tensor(0., device='cuda:0') tensor(1., device='cuda:0')
pred stats tensor(0.2180, device='cuda:0', grad_fn=<MinBackward1>) tensor(4.0437, device='cuda:0', grad_fn=<MaxBackward1>)
target stats tensor(0., device='cuda:0') tensor(1., device='cuda:0')
pred stats tensor(0.0010, device='cuda:0', grad_fn=<MinBackward1>) tensor(2.0682, device='cuda:0', grad_fn=<MaxBackward1>)
target stats tensor(0., device='cuda:0') tensor(1., device='cuda:0')
pred stats tensor(0.0010, device='cuda:0', grad_fn=<MinBackward1>) tensor(1.0160, device='cuda:0', grad_fn=<MaxBackward1>)
target stats tensor(0., device='cuda:0') tensor(1., device='cuda:0')
pred stats tensor(0.0684, device='cuda:0', grad_fn=<MinBackward1>) tensor(10., device='cuda:0', grad_fn=<MaxBackward1>)
target stats tensor(0., device='cuda:0') tensor(1., device='cuda:0')
pred stats tensor(0.0010, device='cuda:0', grad_fn=<MinBackward1>) tensor(1.2899, device='cuda:0', grad_fn=<MaxBackward1>)
target stats tensor(0., device='cuda:0') tensor(1., device='cuda:0')
pred stats tensor(0.0010, device='cuda:0', grad_fn=<MinBackward1>) tensor(2.2122, device='cuda:0', grad_fn=<MaxBackward1>)
target stats tensor(0., device='cuda:0') tensor(1., device='cuda:0')
pred stats tensor(0.2634, device='cuda:0', grad_fn=<MinBackward1>) tensor(1., device='cuda:0', grad_fn=<MaxBackward1>)
target stats tensor(0., device='cuda:0') tensor(1., device='cuda:0')
pred stats tensor(0.2814, device='cuda:0', grad_fn=<MinBackward1>) tensor(3.6176, device='cuda:0', grad_fn=<MaxBackward1>)
target stats tensor(0., device='cuda:0') tensor(1., device='cuda:0')
pred stats tensor(0.0010, device='cuda:0', grad_fn=<MinBackward1>) tensor(1., device='cuda:0', grad_fn=<MaxBackward1>)
target stats tensor(0., device='cuda:0') tensor(1., device='cuda:0')
pred stats tensor(0.0010, device='cuda:0', grad_fn=<MinBackward1>) tensor(7., device='cuda:0', grad_fn=<MaxBackward1>)
target stats tensor(0., device='cuda:0') tensor(1., device='cuda:0')
pred stats tensor(0.1821, device='cuda:0', grad_fn=<MinBackward1>) tensor(1.2281, device='cuda:0', grad_fn=<MaxBackward1>)
target stats tensor(0., device='cuda:0') tensor(1., device='cuda:0')
pred stats tensor(0.0010, device='cuda:0', grad_fn=<MinBackward1>) tensor(1., device='cuda:0', grad_fn=<MaxBackward1>)
target stats tensor(0., device='cuda:0') tensor(1., device='cuda:0')
pred stats tensor(0.0010, device='cuda:0', grad_fn=<MinBackward1>) tensor(6.0341, device='cuda:0', grad_fn=<MaxBackward1>)
target stats tensor(0., device='cuda:0') tensor(1., device='cuda:0')
pred stats tensor(0.0010, device='cuda:0', grad_fn=<MinBackward1>) tensor(1., device='cuda:0', grad_fn=<MaxBackward1>)
target stats tensor(0., device='cuda:0') tensor(1., device='cuda:0')
pred stats tensor(0.0010, device='cuda:0', grad_fn=<MinBackward1>) tensor(2.7552, device='cuda:0', grad_fn=<MaxBackward1>)
target stats tensor(0., device='cuda:0') tensor(1., device='cuda:0')
pred stats tensor(0.0010, device='cuda:0', grad_fn=<MinBackward1>) tensor(1., device='cuda:0', grad_fn=<MaxBackward1>)
target stats tensor(0., device='cuda:0') tensor(1., device='cuda:0')
pred stats tensor(0.0010, device='cuda:0', grad_fn=<MinBackward1>) tensor(1.9813, device='cuda:0', grad_fn=<MaxBackward1>)
target stats tensor(0., device='cuda:0') tensor(1., device='cuda:0')
pred stats tensor(0.0010, device='cuda:0', grad_fn=<MinBackward1>) tensor(1., device='cuda:0', grad_fn=<MaxBackward1>)
target stats tensor(0., device='cuda:0') tensor(1., device='cuda:0')
pred stats tensor(0.0010, device='cuda:0', grad_fn=<MinBackward1>) tensor(1., device='cuda:0', grad_fn=<MaxBackward1>)
target stats tensor(0., device='cuda:0') tensor(1., device='cuda:0')
pred stats tensor(0.0010, device='cuda:0', grad_fn=<MinBackward1>) tensor(1.2086, device='cuda:0', grad_fn=<MaxBackward1>)
target stats tensor(0., device='cuda:0') tensor(1., device='cuda:0')
pred stats tensor(0.0010, device='cuda:0', grad_fn=<MinBackward1>) tensor(1., device='cuda:0', grad_fn=<MaxBackward1>)
target stats tensor(0., device='cuda:0') tensor(1., device='cuda:0')
pred stats tensor(0.0010, device='cuda:0', grad_fn=<MinBackward1>) tensor(1., device='cuda:0', grad_fn=<MaxBackward1>)
target stats tensor(0., device='cuda:0') tensor(1., device='cuda:0')
pred stats tensor(0.0010, device='cuda:0', grad_fn=<MinBackward1>) tensor(1., device='cuda:0', grad_fn=<MaxBackward1>)
target stats tensor(0., device='cuda:0') tensor(1., device='cuda:0')
pred stats tensor(0.0010, device='cuda:0', grad_fn=<MinBackward1>) tensor(1., device='cuda:0', grad_fn=<MaxBackward1>)
target stats tensor(0., device='cuda:0') tensor(1., device='cuda:0')
pred stats tensor(0.0010, device='cuda:0', grad_fn=<MinBackward1>) tensor(1., device='cuda:0', grad_fn=<MaxBackward1>)
target stats tensor(0., device='cuda:0') tensor(1., device='cuda:0')
pred stats tensor(0.0010, device='cuda:0', grad_fn=<MinBackward1>) tensor(1., device='cuda:0', grad_fn=<MaxBackward1>)
target stats tensor(0., device='cuda:0') tensor(1., device='cuda:0')
pred stats tensor(0.0010, device='cuda:0', grad_fn=<MinBackward1>) tensor(1., device='cuda:0', grad_fn=<MaxBackward1>)
target stats tensor(0., device='cuda:0') tensor(1., device='cuda:0')
pred stats tensor(0.1116, device='cuda:0', grad_fn=<MinBackward1>) tensor(1., device='cuda:0', grad_fn=<MaxBackward1>)
target stats tensor(0., device='cuda:0') tensor(1., device='cuda:0')
pred stats tensor(0.0010, device='cuda:0', grad_fn=<MinBackward1>) tensor(1., device='cuda:0', grad_fn=<MaxBackward1>)
target stats tensor(0., device='cuda:0') tensor(1., device='cuda:0')
pred stats tensor(0.0010, device='cuda:0', grad_fn=<MinBackward1>) tensor(1., device='cuda:0', grad_fn=<MaxBackward1>)
target stats tensor(0., device='cuda:0') tensor(1., device='cuda:0')
pred stats tensor(0.0010, device='cuda:0', grad_fn=<MinBackward1>) tensor(1., device='cuda:0', grad_fn=<MaxBackward1>)
target stats tensor(0., device='cuda:0') tensor(1., device='cuda:0')
pred stats tensor(0.0010, device='cuda:0', grad_fn=<MinBackward1>) tensor(6.8011, device='cuda:0', grad_fn=<MaxBackward1>)
target stats tensor(0., device='cuda:0') tensor(1., device='cuda:0')
pred stats tensor(0.0010, device='cuda:0', grad_fn=<MinBackward1>) tensor(1., device='cuda:0', grad_fn=<MaxBackward1>)
target stats tensor(0., device='cuda:0') tensor(1., device='cuda:0')
pred stats tensor(0.0010, device='cuda:0', grad_fn=<MinBackward1>) tensor(1., device='cuda:0', grad_fn=<MaxBackward1>)
target stats tensor(0., device='cuda:0') tensor(1., device='cuda:0')
pred stats tensor(0.0010, device='cuda:0', grad_fn=<MinBackward1>) tensor(1., device='cuda:0', grad_fn=<MaxBackward1>)
target stats tensor(0., device='cuda:0') tensor(1., device='cuda:0')
pred stats tensor(0.0010, device='cuda:0', grad_fn=<MinBackward1>) tensor(1., device='cuda:0', grad_fn=<MaxBackward1>)
target stats tensor(0., device='cuda:0') tensor(1., device='cuda:0')
pred stats tensor(0.0010, device='cuda:0', grad_fn=<MinBackward1>) tensor(1., device='cuda:0', grad_fn=<MaxBackward1>)
target stats tensor(0., device='cuda:0') tensor(1., device='cuda:0')
pred stats tensor(0.0010, device='cuda:0', grad_fn=<MinBackward1>) tensor(1., device='cuda:0', grad_fn=<MaxBackward1>)
target stats tensor(0., device='cuda:0') tensor(1., device='cuda:0')
pred stats tensor(0.0010, device='cuda:0', grad_fn=<MinBackward1>) tensor(1., device='cuda:0', grad_fn=<MaxBackward1>)
target stats tensor(0., device='cuda:0') tensor(1., device='cuda:0')
pred stats tensor(0.0010, device='cuda:0', grad_fn=<MinBackward1>) tensor(1., device='cuda:0', grad_fn=<MaxBackward1>)
target stats tensor(0., device='cuda:0') tensor(1., device='cuda:0')
pred stats tensor(0.0010, device='cuda:0', grad_fn=<MinBackward1>) tensor(1., device='cuda:0', grad_fn=<MaxBackward1>)
target stats tensor(0., device='cuda:0') tensor(1., device='cuda:0')
pred stats tensor(0.0010, device='cuda:0', grad_fn=<MinBackward1>) tensor(1., device='cuda:0', grad_fn=<MaxBackward1>)
target stats tensor(0., device='cuda:0') tensor(1., device='cuda:0')
pred stats tensor(0.0010, device='cuda:0', grad_fn=<MinBackward1>) tensor(1., device='cuda:0', grad_fn=<MaxBackward1>)
target stats tensor(0., device='cuda:0') tensor(1., device='cuda:0')
pred stats tensor(0.0010, device='cuda:0', grad_fn=<MinBackward1>) tensor(1., device='cuda:0', grad_fn=<MaxBackward1>)
target stats tensor(0., device='cuda:0') tensor(1., device='cuda:0')
pred stats tensor(0.0010, device='cuda:0', grad_fn=<MinBackward1>) tensor(1., device='cuda:0', grad_fn=<MaxBackward1>)
target stats tensor(0., device='cuda:0') tensor(1., device='cuda:0')
pred stats tensor(0.0010, device='cuda:0', grad_fn=<MinBackward1>) tensor(1., device='cuda:0', grad_fn=<MaxBackward1>)
target stats tensor(0., device='cuda:0') tensor(1., device='cuda:0')
pred stats tensor(0.0010, device='cuda:0', grad_fn=<MinBackward1>) tensor(1.4048, device='cuda:0', grad_fn=<MaxBackward1>)
target stats tensor(0., device='cuda:0') tensor(1., device='cuda:0')
pred stats tensor(0.0010, device='cuda:0', grad_fn=<MinBackward1>) tensor(1., device='cuda:0', grad_fn=<MaxBackward1>)
target stats tensor(0., device='cuda:0') tensor(1., device='cuda:0')
pred stats tensor(0.0010, device='cuda:0', grad_fn=<MinBackward1>) tensor(1., device='cuda:0', grad_fn=<MaxBackward1>)
target stats tensor(0., device='cuda:0') tensor(1., device='cuda:0')
pred stats tensor(0.0010, device='cuda:0', grad_fn=<MinBackward1>) tensor(1., device='cuda:0', grad_fn=<MaxBackward1>)
target stats tensor(0., device='cuda:0') tensor(1., device='cuda:0')
pred stats tensor(0.0010, device='cuda:0', grad_fn=<MinBackward1>) tensor(1., device='cuda:0', grad_fn=<MaxBackward1>)
target stats tensor(0., device='cuda:0') tensor(1., device='cuda:0')
pred stats tensor(0.0010, device='cuda:0', grad_fn=<MinBackward1>) tensor(1., device='cuda:0', grad_fn=<MaxBackward1>)
target stats tensor(0., device='cuda:0') tensor(1., device='cuda:0')
pred stats tensor(0.0010, device='cuda:0', grad_fn=<MinBackward1>) tensor(1., device='cuda:0', grad_fn=<MaxBackward1>)
target stats tensor(0., device='cuda:0') tensor(1., device='cuda:0')
pred stats tensor(0.0010, device='cuda:0', grad_fn=<MinBackward1>) tensor(1., device='cuda:0', grad_fn=<MaxBackward1>)
target stats tensor(0., device='cuda:0') tensor(1., device='cuda:0')
pred stats tensor(0.0010, device='cuda:0', grad_fn=<MinBackward1>) tensor(1., device='cuda:0', grad_fn=<MaxBackward1>)
target stats tensor(0., device='cuda:0') tensor(1., device='cuda:0')
pred stats tensor(0.0010, device='cuda:0', grad_fn=<MinBackward1>) tensor(3.9211, device='cuda:0', grad_fn=<MaxBackward1>)
target stats tensor(0., device='cuda:0') tensor(1., device='cuda:0')
pred stats tensor(0.0010, device='cuda:0', grad_fn=<MinBackward1>) tensor(5.4141, device='cuda:0', grad_fn=<MaxBackward1>)
target stats tensor(0., device='cuda:0') tensor(1., device='cuda:0')
pred stats tensor(0.0010, device='cuda:0', grad_fn=<MinBackward1>) tensor(1., device='cuda:0', grad_fn=<MaxBackward1>)
target stats tensor(0., device='cuda:0') tensor(1., device='cuda:0')
pred stats tensor(0.0010, device='cuda:0', grad_fn=<MinBackward1>) tensor(4.1250, device='cuda:0', grad_fn=<MaxBackward1>)
target stats tensor(0., device='cuda:0') tensor(1., device='cuda:0')
pred stats tensor(0.0010, device='cuda:0', grad_fn=<MinBackward1>) tensor(1., device='cuda:0', grad_fn=<MaxBackward1>)
target stats tensor(0., device='cuda:0') tensor(1., device='cuda:0')
pred stats tensor(0.0010, device='cuda:0', grad_fn=<MinBackward1>) tensor(1., device='cuda:0', grad_fn=<MaxBackward1>)
target stats tensor(0., device='cuda:0') tensor(1., device='cuda:0')
pred stats tensor(0.0010, device='cuda:0', grad_fn=<MinBackward1>) tensor(1., device='cuda:0', grad_fn=<MaxBackward1>)
target stats tensor(0., device='cuda:0') tensor(1., device='cuda:0')
pred stats tensor(0.0010, device='cuda:0', grad_fn=<MinBackward1>) tensor(1., device='cuda:0', grad_fn=<MaxBackward1>)
target stats tensor(0., device='cuda:0') tensor(1., device='cuda:0')
pred stats tensor(0.0010, device='cuda:0', grad_fn=<MinBackward1>) tensor(1., device='cuda:0', grad_fn=<MaxBackward1>)
target stats tensor(0., device='cuda:0') tensor(1., device='cuda:0')
pred stats tensor(0.0010, device='cuda:0', grad_fn=<MinBackward1>) tensor(1., device='cuda:0', grad_fn=<MaxBackward1>)
target stats tensor(0., device='cuda:0') tensor(1., device='cuda:0')
pred stats tensor(0.0010, device='cuda:0', grad_fn=<MinBackward1>) tensor(1., device='cuda:0', grad_fn=<MaxBackward1>)
target stats tensor(0., device='cuda:0') tensor(1., device='cuda:0')
pred stats tensor(0.0010, device='cuda:0', grad_fn=<MinBackward1>) tensor(2.1099, device='cuda:0', grad_fn=<MaxBackward1>)
target stats tensor(0., device='cuda:0') tensor(1., device='cuda:0')
pred stats tensor(0.0010, device='cuda:0', grad_fn=<MinBackward1>) tensor(1., device='cuda:0', grad_fn=<MaxBackward1>)
target stats tensor(0., device='cuda:0') tensor(1., device='cuda:0')
pred stats tensor(0.0010, device='cuda:0', grad_fn=<MinBackward1>) tensor(1.2577, device='cuda:0', grad_fn=<MaxBackward1>)
target stats tensor(0., device='cuda:0') tensor(1., device='cuda:0')
pred stats tensor(0.1673, device='cuda:0', grad_fn=<MinBackward1>) tensor(1., device='cuda:0', grad_fn=<MaxBackward1>)
target stats tensor(0., device='cuda:0') tensor(1., device='cuda:0')
pred stats tensor(0.0010, device='cuda:0', grad_fn=<MinBackward1>) tensor(1., device='cuda:0', grad_fn=<MaxBackward1>)
target stats tensor(0., device='cuda:0') tensor(1., device='cuda:0')
pred stats tensor(0.0010, device='cuda:0', grad_fn=<MinBackward1>) tensor(1., device='cuda:0', grad_fn=<MaxBackward1>)
target stats tensor(0., device='cuda:0') tensor(1., device='cuda:0')
pred stats tensor(0.1818, device='cuda:0', grad_fn=<MinBackward1>) tensor(1., device='cuda:0', grad_fn=<MaxBackward1>)
target stats tensor(0., device='cuda:0') tensor(1., device='cuda:0')
pred stats tensor(0.0010, device='cuda:0', grad_fn=<MinBackward1>) tensor(1., device='cuda:0', grad_fn=<MaxBackward1>)
target stats tensor(0., device='cuda:0') tensor(1., device='cuda:0')
pred stats tensor(0.0010, device='cuda:0', grad_fn=<MinBackward1>) tensor(1., device='cuda:0', grad_fn=<MaxBackward1>)
target stats tensor(0., device='cuda:0') tensor(1., device='cuda:0')
pred stats tensor(0.0010, device='cuda:0', grad_fn=<MinBackward1>) tensor(1., device='cuda:0', grad_fn=<MaxBackward1>)
target stats tensor(0., device='cuda:0') tensor(1., device='cuda:0')
pred stats tensor(0.0010, device='cuda:0', grad_fn=<MinBackward1>) tensor(10., device='cuda:0', grad_fn=<MaxBackward1>)
target stats tensor(0., device='cuda:0') tensor(1., device='cuda:0')
pred stats tensor(0.0010, device='cuda:0', grad_fn=<MinBackward1>) tensor(1., device='cuda:0', grad_fn=<MaxBackward1>)
target stats tensor(0., device='cuda:0') tensor(1., device='cuda:0')
pred stats tensor(0.2104, device='cuda:0', grad_fn=<MinBackward1>) tensor(1.1162, device='cuda:0', grad_fn=<MaxBackward1>)
target stats tensor(0., device='cuda:0') tensor(1., device='cuda:0')
pred stats tensor(0.2431, device='cuda:0', grad_fn=<MinBackward1>) tensor(1., device='cuda:0', grad_fn=<MaxBackward1>)
target stats tensor(0., device='cuda:0') tensor(1., device='cuda:0')
pred stats tensor(0.0010, device='cuda:0', grad_fn=<MinBackward1>) tensor(2.0061, device='cuda:0', grad_fn=<MaxBackward1>)
target stats tensor(0., device='cuda:0') tensor(1., device='cuda:0')
pred stats tensor(0.0010, device='cuda:0', grad_fn=<MinBackward1>) tensor(1., device='cuda:0', grad_fn=<MaxBackward1>)
target stats tensor(0., device='cuda:0') tensor(1., device='cuda:0')
pred stats tensor(0.0010, device='cuda:0', grad_fn=<MinBackward1>) tensor(1., device='cuda:0', grad_fn=<MaxBackward1>)
target stats tensor(0., device='cuda:0') tensor(1., device='cuda:0')
pred stats tensor(0.0010, device='cuda:0', grad_fn=<MinBackward1>) tensor(1., device='cuda:0', grad_fn=<MaxBackward1>)
target stats tensor(0., device='cuda:0') tensor(1., device='cuda:0')
pred stats tensor(0.0010, device='cuda:0', grad_fn=<MinBackward1>) tensor(1.3477, device='cuda:0', grad_fn=<MaxBackward1>)
target stats tensor(0., device='cuda:0') tensor(1., device='cuda:0')
pred stats tensor(0.0010, device='cuda:0', grad_fn=<MinBackward1>) tensor(1., device='cuda:0', grad_fn=<MaxBackward1>)
target stats tensor(0., device='cuda:0') tensor(1., device='cuda:0')
pred stats tensor(0.0618, device='cuda:0', grad_fn=<MinBackward1>) tensor(1., device='cuda:0', grad_fn=<MaxBackward1>)
target stats tensor(0., device='cuda:0') tensor(1., device='cuda:0')
pred stats tensor(0.0010, device='cuda:0', grad_fn=<MinBackward1>) tensor(1., device='cuda:0', grad_fn=<MaxBackward1>)
target stats tensor(0., device='cuda:0') tensor(1., device='cuda:0')
pred stats tensor(0.2289, device='cuda:0', grad_fn=<MinBackward1>) tensor(1., device='cuda:0', grad_fn=<MaxBackward1>)
target stats tensor(0., device='cuda:0') tensor(1., device='cuda:0')
pred stats tensor(0.0010, device='cuda:0', grad_fn=<MinBackward1>) tensor(1., device='cuda:0', grad_fn=<MaxBackward1>)
target stats tensor(0., device='cuda:0') tensor(1., device='cuda:0')
pred stats tensor(0.0010, device='cuda:0', grad_fn=<MinBackward1>) tensor(6.8333, device='cuda:0', grad_fn=<MaxBackward1>)
target stats tensor(0., device='cuda:0') tensor(1., device='cuda:0')
pred stats tensor(0.0010, device='cuda:0', grad_fn=<MinBackward1>) tensor(1., device='cuda:0', grad_fn=<MaxBackward1>)
target stats tensor(0., device='cuda:0') tensor(1., device='cuda:0')
pred stats tensor(0.0010, device='cuda:0', grad_fn=<MinBackward1>) tensor(8.0138, device='cuda:0', grad_fn=<MaxBackward1>)
target stats tensor(0., device='cuda:0') tensor(1., device='cuda:0')
pred stats tensor(0.0010, device='cuda:0', grad_fn=<MinBackward1>) tensor(1., device='cuda:0', grad_fn=<MaxBackward1>)
target stats tensor(0., device='cuda:0') tensor(1., device='cuda:0')
pred stats tensor(0.0010, device='cuda:0', grad_fn=<MinBackward1>) tensor(7.5714, device='cuda:0', grad_fn=<MaxBackward1>)
target stats tensor(0., device='cuda:0') tensor(1., device='cuda:0')
pred stats tensor(0.0010, device='cuda:0', grad_fn=<MinBackward1>) tensor(6.5794, device='cuda:0', grad_fn=<MaxBackward1>)
target stats tensor(0., device='cuda:0') tensor(1., device='cuda:0')
pred stats tensor(0.0010, device='cuda:0', grad_fn=<MinBackward1>) tensor(1., device='cuda:0', grad_fn=<MaxBackward1>)
target stats tensor(0., device='cuda:0') tensor(1., device='cuda:0')
pred stats tensor(0.0010, device='cuda:0', grad_fn=<MinBackward1>) tensor(1., device='cuda:0', grad_fn=<MaxBackward1>)
target stats tensor(0., device='cuda:0') tensor(1., device='cuda:0')
pred stats tensor(0.0010, device='cuda:0', grad_fn=<MinBackward1>) tensor(5.0833, device='cuda:0', grad_fn=<MaxBackward1>)
target stats tensor(0., device='cuda:0') tensor(1., device='cuda:0')
pred stats tensor(0.0010, device='cuda:0', grad_fn=<MinBackward1>) tensor(1., device='cuda:0', grad_fn=<MaxBackward1>)
target stats tensor(0., device='cuda:0') tensor(1., device='cuda:0')
pred stats tensor(0.0010, device='cuda:0', grad_fn=<MinBackward1>) tensor(1., device='cuda:0', grad_fn=<MaxBackward1>)
target stats tensor(0., device='cuda:0') tensor(1., device='cuda:0')
pred stats tensor(0.0010, device='cuda:0', grad_fn=<MinBackward1>) tensor(1., device='cuda:0', grad_fn=<MaxBackward1>)
target stats tensor(0., device='cuda:0') tensor(1., device='cuda:0')
pred stats tensor(0.0010, device='cuda:0', grad_fn=<MinBackward1>) tensor(1., device='cuda:0', grad_fn=<MaxBackward1>)
target stats tensor(0., device='cuda:0') tensor(1., device='cuda:0')
pred stats tensor(0.0010, device='cuda:0', grad_fn=<MinBackward1>) tensor(1., device='cuda:0', grad_fn=<MaxBackward1>)
target stats tensor(0., device='cuda:0') tensor(1., device='cuda:0')
pred stats tensor(0.0010, device='cuda:0', grad_fn=<MinBackward1>) tensor(5.5920, device='cuda:0', grad_fn=<MaxBackward1>)
target stats tensor(0., device='cuda:0') tensor(1., device='cuda:0')
pred stats tensor(0.0010, device='cuda:0', grad_fn=<MinBackward1>) tensor(1., device='cuda:0', grad_fn=<MaxBackward1>)
target stats tensor(0., device='cuda:0') tensor(1., device='cuda:0')
pred stats tensor(0.0010, device='cuda:0', grad_fn=<MinBackward1>) tensor(2.1406, device='cuda:0', grad_fn=<MaxBackward1>)
target stats tensor(0., device='cuda:0') tensor(1., device='cuda:0')
pred stats tensor(0.0010, device='cuda:0', grad_fn=<MinBackward1>) tensor(6.6404, device='cuda:0', grad_fn=<MaxBackward1>)
target stats tensor(0., device='cuda:0') tensor(1., device='cuda:0')
pred stats tensor(0.0010, device='cuda:0', grad_fn=<MinBackward1>) tensor(8.6500, device='cuda:0', grad_fn=<MaxBackward1>)
target stats tensor(0., device='cuda:0') tensor(1., device='cuda:0')
pred stats tensor(0.0010, device='cuda:0', grad_fn=<MinBackward1>) tensor(2.6606, device='cuda:0', grad_fn=<MaxBackward1>)
target stats tensor(0., device='cuda:0') tensor(1., device='cuda:0')
pred stats tensor(0.0244, device='cuda:0', grad_fn=<MinBackward1>) tensor(10., device='cuda:0', grad_fn=<MaxBackward1>)
target stats tensor(0., device='cuda:0') tensor(1., device='cuda:0')
pred stats tensor(0.0010, device='cuda:0', grad_fn=<MinBackward1>) tensor(6.2565, device='cuda:0', grad_fn=<MaxBackward1>)
target stats tensor(0., device='cuda:0') tensor(1., device='cuda:0')
pred stats tensor(0.0010, device='cuda:0', grad_fn=<MinBackward1>) tensor(7.5000, device='cuda:0', grad_fn=<MaxBackward1>)
target stats tensor(0., device='cuda:0') tensor(1., device='cuda:0')
pred stats tensor(0.0010, device='cuda:0', grad_fn=<MinBackward1>) tensor(6.2701, device='cuda:0', grad_fn=<MaxBackward1>)
target stats tensor(0., device='cuda:0') tensor(1., device='cuda:0')
pred stats tensor(0.0010, device='cuda:0', grad_fn=<MinBackward1>) tensor(1.6667, device='cuda:0', grad_fn=<MaxBackward1>)
target stats tensor(0., device='cuda:0') tensor(1., device='cuda:0')
pred stats tensor(0.0010, device='cuda:0', grad_fn=<MinBackward1>) tensor(1.5172, device='cuda:0', grad_fn=<MaxBackward1>)
target stats tensor(0., device='cuda:0') tensor(1., device='cuda:0')
pred stats tensor(0.0010, device='cuda:0', grad_fn=<MinBackward1>) tensor(1., device='cuda:0', grad_fn=<MaxBackward1>)
target stats tensor(0., device='cuda:0') tensor(1., device='cuda:0')
pred stats tensor(0.0010, device='cuda:0', grad_fn=<MinBackward1>) tensor(1., device='cuda:0', grad_fn=<MaxBackward1>)
target stats tensor(0., device='cuda:0') tensor(1., device='cuda:0')
pred stats tensor(0.0010, device='cuda:0', grad_fn=<MinBackward1>) tensor(1., device='cuda:0', grad_fn=<MaxBackward1>)
target stats tensor(0., device='cuda:0') tensor(1., device='cuda:0')
pred stats tensor(0.0010, device='cuda:0', grad_fn=<MinBackward1>) tensor(1., device='cuda:0', grad_fn=<MaxBackward1>)
target stats tensor(0., device='cuda:0') tensor(1., device='cuda:0')
pred stats tensor(0.0010, device='cuda:0', grad_fn=<MinBackward1>) tensor(10., device='cuda:0', grad_fn=<MaxBackward1>)
target stats tensor(0., device='cuda:0') tensor(1., device='cuda:0')
pred stats tensor(0.0010, device='cuda:0', grad_fn=<MinBackward1>) tensor(4.8333, device='cuda:0', grad_fn=<MaxBackward1>)
target stats tensor(0., device='cuda:0') tensor(1., device='cuda:0')
pred stats tensor(0.0010, device='cuda:0', grad_fn=<MinBackward1>) tensor(8.7500, device='cuda:0', grad_fn=<MaxBackward1>)
target stats tensor(0., device='cuda:0') tensor(1., device='cuda:0')
pred stats tensor(0.0010, device='cuda:0', grad_fn=<MinBackward1>) tensor(1.6609, device='cuda:0', grad_fn=<MaxBackward1>)
target stats tensor(0., device='cuda:0') tensor(1., device='cuda:0')
pred stats tensor(0.0010, device='cuda:0', grad_fn=<MinBackward1>) tensor(10., device='cuda:0', grad_fn=<MaxBackward1>)
target stats tensor(0., device='cuda:0') tensor(1., device='cuda:0')
pred stats tensor(0.0010, device='cuda:0', grad_fn=<MinBackward1>) tensor(1., device='cuda:0', grad_fn=<MaxBackward1>)
target stats tensor(0., device='cuda:0') tensor(1., device='cuda:0')
pred stats tensor(0.0010, device='cuda:0', grad_fn=<MinBackward1>) tensor(5.5529, device='cuda:0', grad_fn=<MaxBackward1>)
target stats tensor(0., device='cuda:0') tensor(1., device='cuda:0')
pred stats tensor(0.0010, device='cuda:0', grad_fn=<MinBackward1>) tensor(1., device='cuda:0', grad_fn=<MaxBackward1>)
target stats tensor(0., device='cuda:0') tensor(1., device='cuda:0')
pred stats tensor(0.0010, device='cuda:0', grad_fn=<MinBackward1>) tensor(1.8725, device='cuda:0', grad_fn=<MaxBackward1>)
target stats tensor(0., device='cuda:0') tensor(1., device='cuda:0')
pred stats tensor(0.0010, device='cuda:0', grad_fn=<MinBackward1>) tensor(1.1098, device='cuda:0', grad_fn=<MaxBackward1>)
target stats tensor(0., device='cuda:0') tensor(1., device='cuda:0')
pred stats tensor(0.0010, device='cuda:0', grad_fn=<MinBackward1>) tensor(5.4200, device='cuda:0', grad_fn=<MaxBackward1>)
target stats tensor(0., device='cuda:0') tensor(1., device='cuda:0')
pred stats tensor(0.0010, device='cuda:0', grad_fn=<MinBackward1>) tensor(2.2500, device='cuda:0', grad_fn=<MaxBackward1>)
target stats tensor(0., device='cuda:0') tensor(1., device='cuda:0')
pred stats tensor(0.0010, device='cuda:0', grad_fn=<MinBackward1>) tensor(1., device='cuda:0', grad_fn=<MaxBackward1>)
target stats tensor(0., device='cuda:0') tensor(1., device='cuda:0')
pred stats tensor(0.0010, device='cuda:0', grad_fn=<MinBackward1>) tensor(1., device='cuda:0', grad_fn=<MaxBackward1>)
target stats tensor(0., device='cuda:0') tensor(1., device='cuda:0')
pred stats tensor(0.0010, device='cuda:0', grad_fn=<MinBackward1>) tensor(1., device='cuda:0', grad_fn=<MaxBackward1>)
target stats tensor(0., device='cuda:0') tensor(1., device='cuda:0')
pred stats tensor(0.0010, device='cuda:0', grad_fn=<MinBackward1>) tensor(1., device='cuda:0', grad_fn=<MaxBackward1>)
target stats tensor(0., device='cuda:0') tensor(1., device='cuda:0')
pred stats tensor(0.0010, device='cuda:0', grad_fn=<MinBackward1>) tensor(1.2917, device='cuda:0', grad_fn=<MaxBackward1>)
target stats tensor(0., device='cuda:0') tensor(1., device='cuda:0')
pred stats tensor(0.0010, device='cuda:0', grad_fn=<MinBackward1>) tensor(4.1847, device='cuda:0', grad_fn=<MaxBackward1>)
target stats tensor(0., device='cuda:0') tensor(1., device='cuda:0')
pred stats tensor(0.0010, device='cuda:0', grad_fn=<MinBackward1>) tensor(3.8209, device='cuda:0', grad_fn=<MaxBackward1>)
target stats tensor(0., device='cuda:0') tensor(1., device='cuda:0')
pred stats tensor(0.0010, device='cuda:0', grad_fn=<MinBackward1>) tensor(10., device='cuda:0', grad_fn=<MaxBackward1>)
target stats tensor(0., device='cuda:0') tensor(1., device='cuda:0')
pred stats tensor(0.0010, device='cuda:0', grad_fn=<MinBackward1>) tensor(1., device='cuda:0', grad_fn=<MaxBackward1>)
target stats tensor(0., device='cuda:0') tensor(1., device='cuda:0')
pred stats tensor(0.0010, device='cuda:0', grad_fn=<MinBackward1>) tensor(2., device='cuda:0', grad_fn=<MaxBackward1>)
target stats tensor(0., device='cuda:0') tensor(1., device='cuda:0')
pred stats tensor(0.0010, device='cuda:0', grad_fn=<MinBackward1>) tensor(1.5509, device='cuda:0', grad_fn=<MaxBackward1>)
target stats tensor(0., device='cuda:0') tensor(1., device='cuda:0')
pred stats tensor(0.0010, device='cuda:0', grad_fn=<MinBackward1>) tensor(1.9813, device='cuda:0', grad_fn=<MaxBackward1>)
target stats tensor(0., device='cuda:0') tensor(1., device='cuda:0')
pred stats tensor(0.0010, device='cuda:0', grad_fn=<MinBackward1>) tensor(1.1636, device='cuda:0', grad_fn=<MaxBackward1>)
target stats tensor(0., device='cuda:0') tensor(1., device='cuda:0')
pred stats tensor(0.0010, device='cuda:0', grad_fn=<MinBackward1>) tensor(1., device='cuda:0', grad_fn=<MaxBackward1>)
target stats tensor(0., device='cuda:0') tensor(1., device='cuda:0')
pred stats tensor(0.0010, device='cuda:0', grad_fn=<MinBackward1>) tensor(1.0758, device='cuda:0', grad_fn=<MaxBackward1>)
target stats tensor(0., device='cuda:0') tensor(1., device='cuda:0')
pred stats tensor(0.0010, device='cuda:0', grad_fn=<MinBackward1>) tensor(1., device='cuda:0', grad_fn=<MaxBackward1>)
target stats tensor(0., device='cuda:0') tensor(1., device='cuda:0')
pred stats tensor(0.0010, device='cuda:0', grad_fn=<MinBackward1>) tensor(1., device='cuda:0', grad_fn=<MaxBackward1>)
target stats tensor(0., device='cuda:0') tensor(1., device='cuda:0')
pred stats tensor(0.0010, device='cuda:0', grad_fn=<MinBackward1>) tensor(1., device='cuda:0', grad_fn=<MaxBackward1>)
target stats tensor(0., device='cuda:0') tensor(1., device='cuda:0')
pred stats tensor(0.0010, device='cuda:0', grad_fn=<MinBackward1>) tensor(1., device='cuda:0', grad_fn=<MaxBackward1>)
target stats tensor(0., device='cuda:0') tensor(1., device='cuda:0')
pred stats tensor(0.0010, device='cuda:0', grad_fn=<MinBackward1>) tensor(1., device='cuda:0', grad_fn=<MaxBackward1>)
target stats tensor(0., device='cuda:0') tensor(1., device='cuda:0')
pred stats tensor(0.0010, device='cuda:0', grad_fn=<MinBackward1>) tensor(1., device='cuda:0', grad_fn=<MaxBackward1>)
target stats tensor(0., device='cuda:0') tensor(1., device='cuda:0')
pred stats tensor(0.0010, device='cuda:0', grad_fn=<MinBackward1>) tensor(1., device='cuda:0', grad_fn=<MaxBackward1>)
target stats tensor(0., device='cuda:0') tensor(1., device='cuda:0')
pred stats tensor(0.1130, device='cuda:0', grad_fn=<MinBackward1>) tensor(1., device='cuda:0', grad_fn=<MaxBackward1>)
target stats tensor(0., device='cuda:0') tensor(1., device='cuda:0')
pred stats tensor(0.0010, device='cuda:0', grad_fn=<MinBackward1>) tensor(1., device='cuda:0', grad_fn=<MaxBackward1>)
target stats tensor(0., device='cuda:0') tensor(1., device='cuda:0')
pred stats tensor(0.0010, device='cuda:0', grad_fn=<MinBackward1>) tensor(1., device='cuda:0', grad_fn=<MaxBackward1>)
target stats tensor(0., device='cuda:0') tensor(1., device='cuda:0')
pred stats tensor(0.0010, device='cuda:0', grad_fn=<MinBackward1>) tensor(10., device='cuda:0', grad_fn=<MaxBackward1>)
target stats tensor(0., device='cuda:0') tensor(1., device='cuda:0')
pred stats tensor(0.0010, device='cuda:0', grad_fn=<MinBackward1>) tensor(1., device='cuda:0', grad_fn=<MaxBackward1>)
target stats tensor(0., device='cuda:0') tensor(1., device='cuda:0')
pred stats tensor(0.0010, device='cuda:0', grad_fn=<MinBackward1>) tensor(1., device='cuda:0', grad_fn=<MaxBackward1>)
target stats tensor(0., device='cuda:0') tensor(1., device='cuda:0')
pred stats tensor(0.0010, device='cuda:0', grad_fn=<MinBackward1>) tensor(1., device='cuda:0', grad_fn=<MaxBackward1>)
target stats tensor(0., device='cuda:0') tensor(1., device='cuda:0')
pred stats tensor(0.0010, device='cuda:0', grad_fn=<MinBackward1>) tensor(1., device='cuda:0', grad_fn=<MaxBackward1>)
target stats tensor(0., device='cuda:0') tensor(1., device='cuda:0')
pred stats tensor(0.0010, device='cuda:0', grad_fn=<MinBackward1>) tensor(1.2952, device='cuda:0', grad_fn=<MaxBackward1>)
target stats tensor(0., device='cuda:0') tensor(1., device='cuda:0')
pred stats tensor(0.0010, device='cuda:0', grad_fn=<MinBackward1>) tensor(1., device='cuda:0', grad_fn=<MaxBackward1>)
target stats tensor(0., device='cuda:0') tensor(1., device='cuda:0')
pred stats tensor(0.0010, device='cuda:0', grad_fn=<MinBackward1>) tensor(1., device='cuda:0', grad_fn=<MaxBackward1>)
target stats tensor(0., device='cuda:0') tensor(1., device='cuda:0')
