wandb: Currently logged in as: amaniedu71 (scene-representation-group). Use `wandb login --relogin` to force relogin
wandb: wandb version 0.16.6 is available!  To upgrade, please run:
wandb:  $ pip install wandb --upgrade
wandb: Tracking run with wandb version 0.16.1
wandb: Run data is saved locally in /lustre/scratch/diff/wandb/run-20240421_153515-5vffrlf3
wandb: Run `wandb offline` to turn off syncing.
wandb: Syncing run dift_video_probe_04_21
wandb: ⭐️ View project at https://wandb.ai/scene-representation-group/depth_video_probe
wandb: 🚀 View run at https://wandb.ai/scene-representation-group/depth_video_probe/runs/5vffrlf3
/work/ececis_research/peace/sw/anaconda-envs/svd3d/20231214/lib/python3.10/site-packages/transformers/utils/generic.py:441: UserWarning: torch.utils._pytree._register_pytree_node is deprecated. Please use torch.utils._pytree.register_pytree_node instead.
  _torch_pytree._register_pytree_node(
/work/ececis_research/peace/dino-diffusion/probe3d/evals/datasets/nyu_video.py:199: UserWarning: To copy construct from a tensor, it is recommended to use sourceTensor.clone().detach() or sourceTensor.clone().detach().requires_grad_(True), rather than torch.tensor(sourceTensor).
  snorm = torch.tensor(snorm).float()
/work/ececis_research/peace/sw/anaconda-envs/svd3d/20231214/lib/python3.10/site-packages/transformers/utils/generic.py:309: UserWarning: torch.utils._pytree._register_pytree_node is deprecated. Please use torch.utils._pytree.register_pytree_node instead.
  _torch_pytree._register_pytree_node(
/work/ececis_research/peace/sw/anaconda-envs/svd3d/20231214/lib/python3.10/site-packages/transformers/utils/generic.py:309: UserWarning: torch.utils._pytree._register_pytree_node is deprecated. Please use torch.utils._pytree.register_pytree_node instead.
  _torch_pytree._register_pytree_node(
/work/ececis_research/peace/sw/anaconda-envs/svd3d/20231214/lib/python3.10/site-packages/diffusers/models/unet_2d_condition.py:20: FutureWarning: `UNet2DConditionOutput` is deprecated and will be removed in version 0.29. Importing `UNet2DConditionOutput` from `diffusers.models.unet_2d_condition` is deprecated and this will be removed in a future version. Please use `from diffusers.models.unets.unet_2d_condition import UNet2DConditionOutput`, instead.
  deprecate("UNet2DConditionOutput", "0.29", deprecation_message)
/work/ececis_research/peace/sw/anaconda-envs/svd3d/20231214/lib/python3.10/site-packages/diffusers/models/unet_2d_condition.py:25: FutureWarning: `UNet2DConditionModel` is deprecated and will be removed in version 0.29. Importing `UNet2DConditionModel` from `diffusers.models.unet_2d_condition` is deprecated and this will be removed in a future version. Please use `from diffusers.models.unets.unet_2d_condition import UNet2DConditionModel`, instead.
  deprecate("UNet2DConditionModel", "0.29", deprecation_message)
Error executing job with overrides: ['batch_size=1', 'note=dift_video_probe_04_21', 'backbone=dift', '+backbone.return_multilayer=True']
Error in call to target 'evals.models.stablediffusion.DIFT':
BdbQuit()
full_key: backbone

Set the environment variable HYDRA_FULL_ERROR=1 for a complete stack trace.
wandb: 🚀 View run dift_video_probe_04_21 at: https://wandb.ai/scene-representation-group/depth_video_probe/runs/5vffrlf3
wandb: ️⚡ View job at https://wandb.ai/scene-representation-group/depth_video_probe/jobs/QXJ0aWZhY3RDb2xsZWN0aW9uOjE2NDg5NjI1OQ==/version_details/v6
wandb: Synced 6 W&B file(s), 0 media file(s), 0 artifact file(s) and 1 other file(s)
wandb: Find logs at: /lustre/scratch/diff/wandb/run-20240421_153515-5vffrlf3/logs
